<?xml version="1.0" encoding="UTF-8"?>
<testng-results ignored="0" total="5" passed="4" failed="1" skipped="0">
  <reporter-output>
  </reporter-output>
  <suite started-at="2025-03-28T16:28:58 IST" name="Suite" finished-at="2025-03-28T16:30:27 IST" duration-ms="88994">
    <groups>
    </groups>
    <test started-at="2025-03-28T16:28:58 IST" name="Test" finished-at="2025-03-28T16:30:27 IST" duration-ms="88994">
      <class name="com.test.ProductTest">
        <test-method is-config="true" signature="beformethod()[pri:0, instance:com.test.ProductTest@750e2b97]" started-at="2025-03-28T16:28:58 IST" name="beformethod" finished-at="2025-03-28T16:29:04 IST" duration-ms="5469" status="PASS">
          <reporter-output>
          </reporter-output>
        </test-method> <!-- beformethod -->
        <test-method is-config="true" signature="LocalBefore()[pri:0, instance:com.test.ProductTest@750e2b97]" started-at="2025-03-28T16:29:04 IST" name="LocalBefore" finished-at="2025-03-28T16:29:35 IST" duration-ms="31318" status="PASS">
          <reporter-output>
          </reporter-output>
        </test-method> <!-- LocalBefore -->
        <test-method signature="completeShoppingFlow()[pri:0, instance:com.test.ProductTest@750e2b97]" started-at="2025-03-28T16:29:35 IST" name="completeShoppingFlow" finished-at="2025-03-28T16:29:37 IST" duration-ms="2512" status="PASS">
          <reporter-output>
          </reporter-output>
        </test-method> <!-- completeShoppingFlow -->
        <test-method is-config="true" signature="aftermethod()[pri:0, instance:com.test.ProductTest@750e2b97]" started-at="2025-03-28T16:29:37 IST" name="aftermethod" finished-at="2025-03-28T16:29:38 IST" duration-ms="313" status="PASS">
          <reporter-output>
          </reporter-output>
        </test-method> <!-- aftermethod -->
      </class> <!-- com.test.ProductTest -->
      <class name="com.test.LoginTest">
        <test-method is-config="true" signature="beformethod()[pri:0, instance:com.test.LoginTest@2cb4893b]" started-at="2025-03-28T16:29:39 IST" name="beformethod" finished-at="2025-03-28T16:29:41 IST" duration-ms="2306" status="PASS">
          <reporter-output>
          </reporter-output>
        </test-method> <!-- beformethod -->
        <test-method is-config="true" signature="beformethod()[pri:0, instance:com.test.LoginTest@2cb4893b]" started-at="2025-03-28T16:29:39 IST" name="beformethod" finished-at="2025-03-28T16:29:42 IST" duration-ms="2761" status="PASS">
          <reporter-output>
          </reporter-output>
        </test-method> <!-- beformethod -->
        <test-method is-config="true" signature="beformethod()[pri:0, instance:com.test.LoginTest@2cb4893b]" started-at="2025-03-28T16:29:39 IST" name="beformethod" finished-at="2025-03-28T16:29:42 IST" duration-ms="2574" status="PASS">
          <reporter-output>
          </reporter-output>
        </test-method> <!-- beformethod -->
        <test-method is-config="true" signature="beformethod()[pri:0, instance:com.test.LoginTest@2cb4893b]" started-at="2025-03-28T16:29:39 IST" name="beformethod" finished-at="2025-03-28T16:29:41 IST" duration-ms="2386" status="PASS">
          <reporter-output>
          </reporter-output>
        </test-method> <!-- beformethod -->
        <test-method signature="loginFunctionalityTest(java.lang.String,java.lang.String)[pri:0, instance:com.test.LoginTest@2cb4893b]" started-at="2025-03-28T16:29:41 IST" name="loginFunctionalityTest" data-provider="LoginData" finished-at="2025-03-28T16:30:27 IST" duration-ms="45474" status="FAIL">
          <params>
            <param index="0">
              <value>
                <![CDATA[standard_user]]>
              </value>
            </param>
            <param index="1">
              <value>
                <![CDATA[secret_sauce]]>
              </value>
            </param>
          </params>
          <exception class="org.openqa.selenium.TimeoutException">
            <message>
              <![CDATA[Expected condition failed: waiting for visibility of Proxy element for: DefaultElementLocator 'By.xpath: //h3[@data-test='error']' (tried for 10 second(s) with 500 milliseconds interval)]]>
            </message>
            <full-stacktrace>
              <![CDATA[org.openqa.selenium.TimeoutException: Expected condition failed: waiting for visibility of Proxy element for: DefaultElementLocator 'By.xpath: //h3[@data-test='error']' (tried for 10 second(s) with 500 milliseconds interval)
at org.openqa.selenium.support.ui.WebDriverWait.timeoutException(WebDriverWait.java:84)
at org.openqa.selenium.support.ui.FluentWait.until(FluentWait.java:228)
at com.pages.LoginPage.geterrorMessage(LoginPage.java:35)
at com.test.LoginTest.loginFunctionalityTest(LoginTest.java:21)
at java.base/jdk.internal.reflect.NativeMethodAccessorImpl.invoke0(Native Method)
at java.base/jdk.internal.reflect.NativeMethodAccessorImpl.invoke(NativeMethodAccessorImpl.java:77)
at java.base/jdk.internal.reflect.DelegatingMethodAccessorImpl.invoke(DelegatingMethodAccessorImpl.java:43)
at java.base/java.lang.reflect.Method.invoke(Method.java:568)
at org.testng.internal.invokers.MethodInvocationHelper.invokeMethod(MethodInvocationHelper.java:141)
at org.testng.internal.invokers.TestInvoker.invokeMethod(TestInvoker.java:687)
at org.testng.internal.invokers.TestInvoker.invokeTestMethod(TestInvoker.java:230)
at org.testng.internal.invokers.TestMethodWithDataProviderMethodWorker.call(TestMethodWithDataProviderMethodWorker.java:81)
at org.testng.internal.thread.Async$AsyncTask.run(Async.java:34)
at java.base/java.util.concurrent.ThreadPoolExecutor.runWorker(ThreadPoolExecutor.java:1136)
at java.base/java.util.concurrent.ThreadPoolExecutor$Worker.run(ThreadPoolExecutor.java:635)
at java.base/java.lang.Thread.run(Thread.java:840)
Caused by: org.openqa.selenium.NoSuchElementException: no such element: Unable to locate element: {"method":"xpath","selector":"//h3[@data-test='error']"}
  (Session info: chrome=134.0.6998.167)
For documentation on this error, please visit: https://www.selenium.dev/documentation/webdriver/troubleshooting/errors#no-such-element-exception
Build info: version: '4.30.0', revision: '509c7f17cc*'
System info: os.name: 'Windows 11', os.arch: 'amd64', os.version: '10.0', java.version: '17.0.10'
Driver info: org.openqa.selenium.chrome.ChromeDriver
Command: [ace4e16f6ce444b085f4a143f528f59d, findElement {value=//h3[@data-test='error'], using=xpath}]
Capabilities {acceptInsecureCerts: false, browserName: chrome, browserVersion: 134.0.6998.167, chrome: {chromedriverVersion: 134.0.6998.165 (fd886e2cb29..., userDataDir: C:\Users\saran\AppData\Loca...}, fedcm:accounts: true, goog:chromeOptions: {debuggerAddress: localhost:65134}, networkConnectionEnabled: false, pageLoadStrategy: normal, platformName: windows, proxy: Proxy(), se:cdp: ws://localhost:65134/devtoo..., se:cdpVersion: 134.0.6998.167, setWindowRect: true, strictFileInteractability: false, timeouts: {implicit: 0, pageLoad: 300000, script: 30000}, unhandledPromptBehavior: dismiss and notify, webauthn:extension:credBlob: true, webauthn:extension:largeBlob: true, webauthn:extension:minPinLength: true, webauthn:extension:prf: true, webauthn:virtualAuthenticators: true}
Session ID: ace4e16f6ce444b085f4a143f528f59d
at java.base/jdk.internal.reflect.NativeConstructorAccessorImpl.newInstance0(Native Method)
at java.base/jdk.internal.reflect.NativeConstructorAccessorImpl.newInstance(NativeConstructorAccessorImpl.java:77)
at java.base/jdk.internal.reflect.DelegatingConstructorAccessorImpl.newInstance(DelegatingConstructorAccessorImpl.java:45)
at java.base/java.lang.reflect.Constructor.newInstanceWithCaller(Constructor.java:499)
at java.base/java.lang.reflect.Constructor.newInstance(Constructor.java:480)
at org.openqa.selenium.remote.ErrorCodec.decode(ErrorCodec.java:167)
at org.openqa.selenium.remote.codec.w3c.W3CHttpResponseCodec.decode(W3CHttpResponseCodec.java:138)
at org.openqa.selenium.remote.codec.w3c.W3CHttpResponseCodec.decode(W3CHttpResponseCodec.java:50)
at org.openqa.selenium.remote.HttpCommandExecutor.execute(HttpCommandExecutor.java:215)
at org.openqa.selenium.remote.service.DriverCommandExecutor.invokeExecute(DriverCommandExecutor.java:216)
at org.openqa.selenium.remote.service.DriverCommandExecutor.execute(DriverCommandExecutor.java:174)
at org.openqa.selenium.remote.RemoteWebDriver.execute(RemoteWebDriver.java:545)
at org.openqa.selenium.remote.ElementLocation$ElementFinder$2.findElement(ElementLocation.java:165)
at org.openqa.selenium.remote.ElementLocation.findElement(ElementLocation.java:59)
at org.openqa.selenium.remote.RemoteWebDriver.findElement(RemoteWebDriver.java:368)
at org.openqa.selenium.remote.RemoteWebDriver.findElement(RemoteWebDriver.java:362)
at org.openqa.selenium.support.pagefactory.DefaultElementLocator.findElement(DefaultElementLocator.java:68)
at org.openqa.selenium.support.pagefactory.internal.LocatingElementHandler.invoke(LocatingElementHandler.java:38)
at jdk.proxy2/jdk.proxy2.$Proxy14.isDisplayed(Unknown Source)
at org.openqa.selenium.support.ui.ExpectedConditions.elementIfVisible(ExpectedConditions.java:304)
at org.openqa.selenium.support.ui.ExpectedConditions$10.apply(ExpectedConditions.java:290)
at org.openqa.selenium.support.ui.ExpectedConditions$10.apply(ExpectedConditions.java:287)
at org.openqa.selenium.support.ui.FluentWait.until(FluentWait.java:203)
... 14 more
]]>
            </full-stacktrace>
          </exception> <!-- org.openqa.selenium.TimeoutException -->
          <reporter-output>
          </reporter-output>
        </test-method> <!-- loginFunctionalityTest -->
        <test-method signature="loginFunctionalityTest(java.lang.String,java.lang.String)[pri:0, instance:com.test.LoginTest@2cb4893b]" started-at="2025-03-28T16:29:41 IST" name="loginFunctionalityTest" data-provider="LoginData" finished-at="2025-03-28T16:29:42 IST" duration-ms="604" status="PASS">
          <params>
            <param index="0">
              <value>
                <![CDATA[standard_user]]>
              </value>
            </param>
            <param index="1">
              <value>
                <![CDATA[]]>
              </value>
            </param>
          </params>
          <reporter-output>
          </reporter-output>
        </test-method> <!-- loginFunctionalityTest -->
        <test-method signature="loginFunctionalityTest(java.lang.String,java.lang.String)[pri:0, instance:com.test.LoginTest@2cb4893b]" started-at="2025-03-28T16:29:42 IST" name="loginFunctionalityTest" data-provider="LoginData" finished-at="2025-03-28T16:29:42 IST" duration-ms="652" status="PASS">
          <params>
            <param index="0">
              <value>
                <![CDATA[]]>
              </value>
            </param>
            <param index="1">
              <value>
                <![CDATA[secret_sauce]]>
              </value>
            </param>
          </params>
          <reporter-output>
          </reporter-output>
        </test-method> <!-- loginFunctionalityTest -->
        <test-method signature="loginFunctionalityTest(java.lang.String,java.lang.String)[pri:0, instance:com.test.LoginTest@2cb4893b]" started-at="2025-03-28T16:29:42 IST" name="loginFunctionalityTest" data-provider="LoginData" finished-at="2025-03-28T16:29:42 IST" duration-ms="651" status="PASS">
          <params>
            <param index="0">
              <value>
                <![CDATA[saranya]]>
              </value>
            </param>
            <param index="1">
              <value>
                <![CDATA[A]]>
              </value>
            </param>
          </params>
          <reporter-output>
          </reporter-output>
        </test-method> <!-- loginFunctionalityTest -->
        <test-method is-config="true" signature="aftermethod()[pri:0, instance:com.test.LoginTest@2cb4893b]" started-at="2025-03-28T16:29:42 IST" name="aftermethod" finished-at="2025-03-28T16:29:42 IST" duration-ms="217" status="PASS">
          <reporter-output>
          </reporter-output>
        </test-method> <!-- aftermethod -->
        <test-method is-config="true" signature="aftermethod()[pri:0, instance:com.test.LoginTest@2cb4893b]" started-at="2025-03-28T16:29:42 IST" name="aftermethod" finished-at="2025-03-28T16:29:42 IST" duration-ms="251" status="PASS">
          <reporter-output>
          </reporter-output>
        </test-method> <!-- aftermethod -->
        <test-method is-config="true" signature="aftermethod()[pri:0, instance:com.test.LoginTest@2cb4893b]" started-at="2025-03-28T16:29:42 IST" name="aftermethod" finished-at="2025-03-28T16:29:43 IST" duration-ms="208" status="PASS">
          <reporter-output>
          </reporter-output>
        </test-method> <!-- aftermethod -->
        <test-method is-config="true" signature="aftermethod()[pri:0, instance:com.test.LoginTest@2cb4893b]" started-at="2025-03-28T16:30:27 IST" name="aftermethod" finished-at="2025-03-28T16:30:27 IST" duration-ms="339" status="PASS">
          <reporter-output>
          </reporter-output>
        </test-method> <!-- aftermethod -->
      </class> <!-- com.test.LoginTest -->
    </test> <!-- Test -->
  </suite> <!-- Suite -->
</testng-results>
